This file contains any messages produced by compilers while
running configure, to aid debugging if configure makes a mistake.

It was created by gsl configure 2.2, which was
generated by GNU Autoconf 2.69.  Invocation command line was

  $ ./configure 

## --------- ##
## Platform. ##
## --------- ##

hostname = Goliath
uname -m = x86_64
uname -r = 3.16.0-38-generic
uname -s = Linux
uname -v = #52~14.04.1-Ubuntu SMP Fri May 8 09:43:57 UTC 2015

/usr/bin/uname -p = unknown
/bin/uname -X     = unknown

/bin/arch              = unknown
/usr/bin/arch -k       = unknown
/usr/convex/getsysinfo = unknown
/usr/bin/hostinfo      = unknown
/bin/machine           = unknown
/usr/bin/oslevel       = unknown
/bin/universe          = unknown

PATH: /usr/local/sbin
PATH: /usr/local/bin
PATH: /usr/sbin
PATH: /usr/bin
PATH: /sbin
PATH: /bin
PATH: /snap/bin


## ----------- ##
## Core tests. ##
## ----------- ##

configure:2381: checking for a BSD-compatible install
configure:2449: result: /usr/bin/install -c
configure:2460: checking whether build environment is sane
configure:2515: result: yes
configure:2666: checking for a thread-safe mkdir -p
configure:2705: result: /bin/mkdir -p
configure:2712: checking for gawk
configure:2728: found /usr/bin/gawk
configure:2739: result: gawk
configure:2750: checking whether make sets $(MAKE)
configure:2772: result: yes
configure:2801: checking whether make supports nested variables
configure:2818: result: yes
configure:2946: checking whether to enable maintainer-specific portions of Makefiles
configure:2955: result: no
configure:2993: checking for a sed that does not truncate output
configure:3057: result: /bin/sed
configure:3067: checking whether make sets $(MAKE)
configure:3089: result: yes
configure:3103: checking build system type
configure:3117: result: x86_64-unknown-linux-gnu
configure:3137: checking host system type
configure:3150: result: x86_64-unknown-linux-gnu
configure:3225: checking for gcc
configure:3241: found /usr/bin/gcc
configure:3252: result: gcc
configure:3481: checking for C compiler version
configure:3490: gcc --version >&5
gcc (Ubuntu 4.8.4-2ubuntu1~14.04.3) 4.8.4
Copyright (C) 2013 Free Software Foundation, Inc.
This is free software; see the source for copying conditions.  There is NO
warranty; not even for MERCHANTABILITY or FITNESS FOR A PARTICULAR PURPOSE.

configure:3501: $? = 0
configure:3490: gcc -v >&5
Using built-in specs.
COLLECT_GCC=gcc
COLLECT_LTO_WRAPPER=/usr/lib/gcc/x86_64-linux-gnu/4.8/lto-wrapper
Target: x86_64-linux-gnu
Configured with: ../src/configure -v --with-pkgversion='Ubuntu 4.8.4-2ubuntu1~14.04.3' --with-bugurl=file:///usr/share/doc/gcc-4.8/README.Bugs --enable-languages=c,c++,java,go,d,fortran,objc,obj-c++ --prefix=/usr --program-suffix=-4.8 --enable-shared --enable-linker-build-id --libexecdir=/usr/lib --without-included-gettext --enable-threads=posix --with-gxx-include-dir=/usr/include/c++/4.8 --libdir=/usr/lib --enable-nls --with-sysroot=/ --enable-clocale=gnu --enable-libstdcxx-debug --enable-libstdcxx-time=yes --enable-gnu-unique-object --disable-libmudflap --enable-plugin --with-system-zlib --disable-browser-plugin --enable-java-awt=gtk --enable-gtk-cairo --with-java-home=/usr/lib/jvm/java-1.5.0-gcj-4.8-amd64/jre --enable-java-home --with-jvm-root-dir=/usr/lib/jvm/java-1.5.0-gcj-4.8-amd64 --with-jvm-jar-dir=/usr/lib/jvm-exports/java-1.5.0-gcj-4.8-amd64 --with-arch-directory=amd64 --with-ecj-jar=/usr/share/java/eclipse-ecj.jar --enable-objc-gc --enable-multiarch --disable-werror --with-arch-32=i686 --with-abi=m64 --with-multilib-list=m32,m64,mx32 --with-tune=generic --enable-checking=release --build=x86_64-linux-gnu --host=x86_64-linux-gnu --target=x86_64-linux-gnu
Thread model: posix
gcc version 4.8.4 (Ubuntu 4.8.4-2ubuntu1~14.04.3) 
configure:3501: $? = 0
configure:3490: gcc -V >&5
gcc: error: unrecognized command line option '-V'
gcc: fatal error: no input files
compilation terminated.
configure:3501: $? = 4
configure:3490: gcc -qversion >&5
gcc: error: unrecognized command line option '-qversion'
gcc: fatal error: no input files
compilation terminated.
configure:3501: $? = 4
configure:3521: checking whether the C compiler works
configure:3543: gcc    conftest.c  >&5
configure:3547: $? = 0
configure:3595: result: yes
configure:3598: checking for C compiler default output file name
configure:3600: result: a.out
configure:3606: checking for suffix of executables
configure:3613: gcc -o conftest    conftest.c  >&5
configure:3617: $? = 0
configure:3639: result: 
configure:3661: checking whether we are cross compiling
configure:3669: gcc -o conftest    conftest.c  >&5
configure:3673: $? = 0
configure:3680: ./conftest
configure:3684: $? = 0
configure:3699: result: no
configure:3704: checking for suffix of object files
configure:3726: gcc -c   conftest.c >&5
configure:3730: $? = 0
configure:3751: result: o
configure:3755: checking whether we are using the GNU C compiler
configure:3774: gcc -c   conftest.c >&5
configure:3774: $? = 0
configure:3783: result: yes
configure:3792: checking whether gcc accepts -g
configure:3812: gcc -c -g  conftest.c >&5
configure:3812: $? = 0
configure:3853: result: yes
configure:3870: checking for gcc option to accept ISO C89
configure:3933: gcc  -c -g -O2  conftest.c >&5
configure:3933: $? = 0
configure:3946: result: none needed
configure:3971: checking whether gcc understands -c and -o together
configure:3993: gcc -c conftest.c -o conftest2.o
configure:3996: $? = 0
configure:3993: gcc -c conftest.c -o conftest2.o
configure:3996: $? = 0
configure:4008: result: yes
configure:4036: checking for style of include used by make
configure:4064: result: GNU
configure:4090: checking dependency style of gcc
configure:4201: result: gcc3
configure:4221: checking how to run the C preprocessor
configure:4252: gcc -E  conftest.c
configure:4252: $? = 0
configure:4266: gcc -E  conftest.c
conftest.c:12:28: fatal error: ac_nonexistent.h: No such file or directory
 #include <ac_nonexistent.h>
                            ^
compilation terminated.
configure:4266: $? = 1
configure: failed program was:
| /* confdefs.h */
| #define PACKAGE_NAME "gsl"
| #define PACKAGE_TARNAME "gsl"
| #define PACKAGE_VERSION "2.2"
| #define PACKAGE_STRING "gsl 2.2"
| #define PACKAGE_BUGREPORT ""
| #define PACKAGE_URL ""
| #define PACKAGE "gsl"
| #define VERSION "2.2"
| #define RELEASED /**/
| /* end confdefs.h.  */
| #include <ac_nonexistent.h>
configure:4291: result: gcc -E
configure:4311: gcc -E  conftest.c
configure:4311: $? = 0
configure:4325: gcc -E  conftest.c
conftest.c:12:28: fatal error: ac_nonexistent.h: No such file or directory
 #include <ac_nonexistent.h>
                            ^
compilation terminated.
configure:4325: $? = 1
configure: failed program was:
| /* confdefs.h */
| #define PACKAGE_NAME "gsl"
| #define PACKAGE_TARNAME "gsl"
| #define PACKAGE_VERSION "2.2"
| #define PACKAGE_STRING "gsl 2.2"
| #define PACKAGE_BUGREPORT ""
| #define PACKAGE_URL ""
| #define PACKAGE "gsl"
| #define VERSION "2.2"
| #define RELEASED /**/
| /* end confdefs.h.  */
| #include <ac_nonexistent.h>
configure:4354: checking whether ln -s works
configure:4358: result: yes
configure:4411: checking how to print strings
configure:4438: result: printf
configure:4459: checking for a sed that does not truncate output
configure:4523: result: /bin/sed
configure:4541: checking for grep that handles long lines and -e
configure:4599: result: /bin/grep
configure:4604: checking for egrep
configure:4666: result: /bin/grep -E
configure:4671: checking for fgrep
configure:4733: result: /bin/grep -F
configure:4768: checking for ld used by gcc
configure:4835: result: /usr/bin/ld
configure:4842: checking if the linker (/usr/bin/ld) is GNU ld
configure:4857: result: yes
configure:4869: checking for BSD- or MS-compatible name lister (nm)
configure:4918: result: /usr/bin/nm -B
configure:5048: checking the name lister (/usr/bin/nm -B) interface
configure:5055: gcc -c -g -O2  conftest.c >&5
configure:5058: /usr/bin/nm -B "conftest.o"
configure:5061: output
0000000000000000 B some_variable
configure:5068: result: BSD nm
configure:5072: checking the maximum length of command line arguments
configure:5203: result: 1572864
configure:5220: checking whether the shell understands some XSI constructs
configure:5230: result: yes
configure:5234: checking whether the shell understands "+="
configure:5240: result: yes
configure:5275: checking how to convert x86_64-unknown-linux-gnu file names to x86_64-unknown-linux-gnu format
configure:5315: result: func_convert_file_noop
configure:5322: checking how to convert x86_64-unknown-linux-gnu file names to toolchain format
configure:5342: result: func_convert_file_noop
configure:5349: checking for /usr/bin/ld option to reload object files
configure:5356: result: -r
configure:5430: checking for objdump
configure:5446: found /usr/bin/objdump
configure:5457: result: objdump
configure:5486: checking how to recognize dependent libraries
configure:5684: result: pass_all
configure:5769: checking for dlltool
configure:5799: result: no
configure:5826: checking how to associate runtime and link libraries
configure:5853: result: printf %s\n
configure:5914: checking for ar
configure:5930: found /usr/bin/ar
configure:5941: result: ar
configure:5978: checking for archiver @FILE support
configure:5995: gcc -c -g -O2  conftest.c >&5
configure:5995: $? = 0
configure:5998: ar cru libconftest.a @conftest.lst >&5
configure:6001: $? = 0
configure:6006: ar cru libconftest.a @conftest.lst >&5
ar: conftest.o: No such file or directory
configure:6009: $? = 1
configure:6021: result: @
configure:6079: checking for strip
configure:6095: found /usr/bin/strip
configure:6106: result: strip
configure:6178: checking for ranlib
configure:6194: found /usr/bin/ranlib
configure:6205: result: ranlib
configure:6307: checking command to parse /usr/bin/nm -B output from gcc object
configure:6427: gcc -c -g -O2  conftest.c >&5
configure:6430: $? = 0
configure:6434: /usr/bin/nm -B conftest.o \| sed -n -e 's/^.*[ ]\([ABCDGIRSTW][ABCDGIRSTW]*\)[ ][ ]*\([_A-Za-z][_A-Za-z0-9]*\)$/\1 \2 \2/p' | sed '/ __gnu_lto/d' \> conftest.nm
configure:6437: $? = 0
configure:6503: gcc -o conftest -g -O2   conftest.c conftstm.o >&5
configure:6506: $? = 0
configure:6544: result: ok
configure:6581: checking for sysroot
configure:6611: result: no
configure:6688: gcc -c -g -O2  conftest.c >&5
configure:6691: $? = 0
configure:6880: checking for mt
configure:6896: found /bin/mt
configure:6907: result: mt
configure:6930: checking if mt is a manifest tool
configure:6936: mt '-?'
configure:6944: result: no
configure:7582: checking for ANSI C header files
configure:7602: gcc -c -g -O2  conftest.c >&5
configure:7602: $? = 0
configure:7675: gcc -o conftest -g -O2   conftest.c  >&5
configure:7675: $? = 0
configure:7675: ./conftest
configure:7675: $? = 0
configure:7686: result: yes
configure:7699: checking for sys/types.h
configure:7699: gcc -c -g -O2  conftest.c >&5
configure:7699: $? = 0
configure:7699: result: yes
configure:7699: checking for sys/stat.h
configure:7699: gcc -c -g -O2  conftest.c >&5
configure:7699: $? = 0
configure:7699: result: yes
configure:7699: checking for stdlib.h
configure:7699: gcc -c -g -O2  conftest.c >&5
configure:7699: $? = 0
configure:7699: result: yes
configure:7699: checking for string.h
configure:7699: gcc -c -g -O2  conftest.c >&5
configure:7699: $? = 0
configure:7699: result: yes
configure:7699: checking for memory.h
configure:7699: gcc -c -g -O2  conftest.c >&5
configure:7699: $? = 0
configure:7699: result: yes
configure:7699: checking for strings.h
configure:7699: gcc -c -g -O2  conftest.c >&5
configure:7699: $? = 0
configure:7699: result: yes
configure:7699: checking for inttypes.h
configure:7699: gcc -c -g -O2  conftest.c >&5
configure:7699: $? = 0
configure:7699: result: yes
configure:7699: checking for stdint.h
configure:7699: gcc -c -g -O2  conftest.c >&5
configure:7699: $? = 0
configure:7699: result: yes
configure:7699: checking for unistd.h
configure:7699: gcc -c -g -O2  conftest.c >&5
configure:7699: $? = 0
configure:7699: result: yes
configure:7713: checking for dlfcn.h
configure:7713: gcc -c -g -O2  conftest.c >&5
configure:7713: $? = 0
configure:7713: result: yes
configure:8217: checking for objdir
configure:8232: result: .libs
configure:8499: checking if gcc supports -fno-rtti -fno-exceptions
configure:8517: gcc -c -g -O2  -fno-rtti -fno-exceptions conftest.c >&5
cc1: warning: command line option '-fno-rtti' is valid for C++/ObjC++ but not for C [enabled by default]
configure:8521: $? = 0
configure:8534: result: no
configure:8861: checking for gcc option to produce PIC
configure:8868: result: -fPIC -DPIC
configure:8876: checking if gcc PIC flag -fPIC -DPIC works
configure:8894: gcc -c -g -O2  -fPIC -DPIC -DPIC conftest.c >&5
configure:8898: $? = 0
configure:8911: result: yes
configure:8940: checking if gcc static flag -static works
configure:8968: result: yes
configure:8983: checking if gcc supports -c -o file.o
configure:9004: gcc -c -g -O2  -o out/conftest2.o conftest.c >&5
configure:9008: $? = 0
configure:9030: result: yes
configure:9038: checking if gcc supports -c -o file.o
configure:9085: result: yes
configure:9118: checking whether the gcc linker (/usr/bin/ld -m elf_x86_64) supports shared libraries
configure:10275: result: yes
configure:10312: checking whether -lc should be explicitly linked in
configure:10320: gcc -c -g -O2  conftest.c >&5
configure:10323: $? = 0
configure:10338: gcc -shared  -fPIC -DPIC conftest.o  -v -Wl,-soname -Wl,conftest -o conftest 2\>\&1 \| /bin/grep  -lc  \>/dev/null 2\>\&1
configure:10341: $? = 0
configure:10355: result: no
configure:10515: checking dynamic linker characteristics
configure:11015: gcc -o conftest -g -O2   -Wl,-rpath -Wl,/foo conftest.c  >&5
configure:11015: $? = 0
configure:11249: result: GNU/Linux ld.so
configure:11356: checking how to hardcode library paths into programs
configure:11381: result: immediate
configure:11921: checking whether stripping libraries is possible
configure:11926: result: yes
configure:11961: checking if libtool supports shared libraries
configure:11963: result: yes
configure:11966: checking whether to build shared libraries
configure:11987: result: yes
configure:11990: checking whether to build static libraries
configure:11994: result: yes
configure:12032: checking for size_t
configure:12032: gcc -c -g -O2  conftest.c >&5
configure:12032: $? = 0
configure:12032: gcc -c -g -O2  conftest.c >&5
conftest.c: In function 'main':
conftest.c:60:21: error: expected expression before ')' token
 if (sizeof ((size_t)))
                     ^
configure:12032: $? = 1
configure: failed program was:
| /* confdefs.h */
| #define PACKAGE_NAME "gsl"
| #define PACKAGE_TARNAME "gsl"
| #define PACKAGE_VERSION "2.2"
| #define PACKAGE_STRING "gsl 2.2"
| #define PACKAGE_BUGREPORT ""
| #define PACKAGE_URL ""
| #define PACKAGE "gsl"
| #define VERSION "2.2"
| #define RELEASED /**/
| #define STDC_HEADERS 1
| #define HAVE_SYS_TYPES_H 1
| #define HAVE_SYS_STAT_H 1
| #define HAVE_STDLIB_H 1
| #define HAVE_STRING_H 1
| #define HAVE_MEMORY_H 1
| #define HAVE_STRINGS_H 1
| #define HAVE_INTTYPES_H 1
| #define HAVE_STDINT_H 1
| #define HAVE_UNISTD_H 1
| #define HAVE_DLFCN_H 1
| #define LT_OBJDIR ".libs/"
| /* end confdefs.h.  */
| #include <stdio.h>
| #ifdef HAVE_SYS_TYPES_H
| # include <sys/types.h>
| #endif
| #ifdef HAVE_SYS_STAT_H
| # include <sys/stat.h>
| #endif
| #ifdef STDC_HEADERS
| # include <stdlib.h>
| # include <stddef.h>
| #else
| # ifdef HAVE_STDLIB_H
| #  include <stdlib.h>
| # endif
| #endif
| #ifdef HAVE_STRING_H
| # if !defined STDC_HEADERS && defined HAVE_MEMORY_H
| #  include <memory.h>
| # endif
| # include <string.h>
| #endif
| #ifdef HAVE_STRINGS_H
| # include <strings.h>
| #endif
| #ifdef HAVE_INTTYPES_H
| # include <inttypes.h>
| #endif
| #ifdef HAVE_STDINT_H
| # include <stdint.h>
| #endif
| #ifdef HAVE_UNISTD_H
| # include <unistd.h>
| #endif
| int
| main ()
| {
| if (sizeof ((size_t)))
| 	    return 0;
|   ;
|   return 0;
| }
configure:12032: result: yes
configure:12043: checking for working volatile
configure:12062: gcc -c -g -O2  conftest.c >&5
configure:12062: $? = 0
configure:12069: result: yes
configure:12077: checking for inline
configure:12093: gcc -c -g -O2  conftest.c >&5
configure:12093: $? = 0
configure:12101: result: inline
configure:12119: checking whether char is unsigned
configure:12138: gcc -c -g -O2  conftest.c >&5
configure:12138: $? = 0
configure:12145: result: no
configure:12243: checking for cos in -lm
configure:12268: gcc -o conftest -g -O2   conftest.c -lm   >&5
conftest.c:31:6: warning: conflicting types for built-in function 'cos' [enabled by default]
 char cos ();
      ^
configure:12268: $? = 0
configure:12277: result: yes
configure:12294: checking for GNU-style extern inline
configure:12313: gcc -c -g -O2  conftest.c >&5
configure:12313: $? = 0
configure:12319: result: yes
configure:12384: checking ieeefp.h usability
configure:12384: gcc -c -g -O2  conftest.c >&5
conftest.c:58:20: fatal error: ieeefp.h: No such file or directory
 #include <ieeefp.h>
                    ^
compilation terminated.
configure:12384: $? = 1
configure: failed program was:
| /* confdefs.h */
| #define PACKAGE_NAME "gsl"
| #define PACKAGE_TARNAME "gsl"
| #define PACKAGE_VERSION "2.2"
| #define PACKAGE_STRING "gsl 2.2"
| #define PACKAGE_BUGREPORT ""
| #define PACKAGE_URL ""
| #define PACKAGE "gsl"
| #define VERSION "2.2"
| #define RELEASED /**/
| #define STDC_HEADERS 1
| #define HAVE_SYS_TYPES_H 1
| #define HAVE_SYS_STAT_H 1
| #define HAVE_STDLIB_H 1
| #define HAVE_STRING_H 1
| #define HAVE_MEMORY_H 1
| #define HAVE_STRINGS_H 1
| #define HAVE_INTTYPES_H 1
| #define HAVE_STDINT_H 1
| #define HAVE_UNISTD_H 1
| #define HAVE_DLFCN_H 1
| #define LT_OBJDIR ".libs/"
| #define HAVE_INLINE 1
| /* end confdefs.h.  */
| #include <stdio.h>
| #ifdef HAVE_SYS_TYPES_H
| # include <sys/types.h>
| #endif
| #ifdef HAVE_SYS_STAT_H
| # include <sys/stat.h>
| #endif
| #ifdef STDC_HEADERS
| # include <stdlib.h>
| # include <stddef.h>
| #else
| # ifdef HAVE_STDLIB_H
| #  include <stdlib.h>
| # endif
| #endif
| #ifdef HAVE_STRING_H
| # if !defined STDC_HEADERS && defined HAVE_MEMORY_H
| #  include <memory.h>
| # endif
| # include <string.h>
| #endif
| #ifdef HAVE_STRINGS_H
| # include <strings.h>
| #endif
| #ifdef HAVE_INTTYPES_H
| # include <inttypes.h>
| #endif
| #ifdef HAVE_STDINT_H
| # include <stdint.h>
| #endif
| #ifdef HAVE_UNISTD_H
| # include <unistd.h>
| #endif
| #include <ieeefp.h>
configure:12384: result: no
configure:12384: checking ieeefp.h presence
configure:12384: gcc -E  conftest.c
conftest.c:25:20: fatal error: ieeefp.h: No such file or directory
 #include <ieeefp.h>
                    ^
compilation terminated.
configure:12384: $? = 1
configure: failed program was:
| /* confdefs.h */
| #define PACKAGE_NAME "gsl"
| #define PACKAGE_TARNAME "gsl"
| #define PACKAGE_VERSION "2.2"
| #define PACKAGE_STRING "gsl 2.2"
| #define PACKAGE_BUGREPORT ""
| #define PACKAGE_URL ""
| #define PACKAGE "gsl"
| #define VERSION "2.2"
| #define RELEASED /**/
| #define STDC_HEADERS 1
| #define HAVE_SYS_TYPES_H 1
| #define HAVE_SYS_STAT_H 1
| #define HAVE_STDLIB_H 1
| #define HAVE_STRING_H 1
| #define HAVE_MEMORY_H 1
| #define HAVE_STRINGS_H 1
| #define HAVE_INTTYPES_H 1
| #define HAVE_STDINT_H 1
| #define HAVE_UNISTD_H 1
| #define HAVE_DLFCN_H 1
| #define LT_OBJDIR ".libs/"
| #define HAVE_INLINE 1
| /* end confdefs.h.  */
| #include <ieeefp.h>
configure:12384: result: no
configure:12384: checking for ieeefp.h
configure:12384: result: no
configure:12413: checking for vprintf
configure:12413: gcc -o conftest -g -O2   conftest.c  >&5
conftest.c:48:6: warning: conflicting types for built-in function 'vprintf' [enabled by default]
 char vprintf ();
      ^
configure:12413: $? = 0
configure:12413: result: yes
configure:12419: checking for _doprnt
configure:12419: gcc -o conftest -g -O2   conftest.c  >&5
/tmp/ccbADUG5.o: In function `main':
/home/david/Python/ProjectA/gsl-2.2/conftest.c:60: undefined reference to `_doprnt'
collect2: error: ld returned 1 exit status
configure:12419: $? = 1
configure: failed program was:
| /* confdefs.h */
| #define PACKAGE_NAME "gsl"
| #define PACKAGE_TARNAME "gsl"
| #define PACKAGE_VERSION "2.2"
| #define PACKAGE_STRING "gsl 2.2"
| #define PACKAGE_BUGREPORT ""
| #define PACKAGE_URL ""
| #define PACKAGE "gsl"
| #define VERSION "2.2"
| #define RELEASED /**/
| #define STDC_HEADERS 1
| #define HAVE_SYS_TYPES_H 1
| #define HAVE_SYS_STAT_H 1
| #define HAVE_STDLIB_H 1
| #define HAVE_STRING_H 1
| #define HAVE_MEMORY_H 1
| #define HAVE_STRINGS_H 1
| #define HAVE_INTTYPES_H 1
| #define HAVE_STDINT_H 1
| #define HAVE_UNISTD_H 1
| #define HAVE_DLFCN_H 1
| #define LT_OBJDIR ".libs/"
| #define HAVE_INLINE 1
| #define HAVE_VPRINTF 1
| /* end confdefs.h.  */
| /* Define _doprnt to an innocuous variant, in case <limits.h> declares _doprnt.
|    For example, HP-UX 11i <limits.h> declares gettimeofday.  */
| #define _doprnt innocuous__doprnt
| 
| /* System header to define __stub macros and hopefully few prototypes,
|     which can conflict with char _doprnt (); below.
|     Prefer <limits.h> to <assert.h> if __STDC__ is defined, since
|     <limits.h> exists even on freestanding compilers.  */
| 
| #ifdef __STDC__
| # include <limits.h>
| #else
| # include <assert.h>
| #endif
| 
| #undef _doprnt
| 
| /* Override any GCC internal prototype to avoid an error.
|    Use char because int might match the return type of a GCC
|    builtin and then its argument prototype would still apply.  */
| #ifdef __cplusplus
| extern "C"
| #endif
| char _doprnt ();
| /* The GNU C library defines this for functions which it implements
|     to always fail with ENOSYS.  Some functions are actually named
|     something starting with __ and the normal name is an alias.  */
| #if defined __stub__doprnt || defined __stub____doprnt
| choke me
| #endif
| 
| int
| main ()
| {
| return _doprnt ();
|   ;
|   return 0;
| }
configure:12419: result: no
configure:12431: checking for memcpy
configure:12431: gcc -o conftest -g -O2   conftest.c  >&5
conftest.c:49:6: warning: conflicting types for built-in function 'memcpy' [enabled by default]
 char memcpy ();
      ^
configure:12431: $? = 0
configure:12431: result: yes
configure:12444: checking for memmove
configure:12444: gcc -o conftest -g -O2   conftest.c  >&5
conftest.c:50:6: warning: conflicting types for built-in function 'memmove' [enabled by default]
 char memmove ();
      ^
configure:12444: $? = 0
configure:12444: result: yes
configure:12457: checking for strdup
configure:12457: gcc -o conftest -g -O2   conftest.c  >&5
conftest.c:51:6: warning: conflicting types for built-in function 'strdup' [enabled by default]
 char strdup ();
      ^
configure:12457: $? = 0
configure:12457: result: yes
configure:12470: checking for strtol
configure:12470: gcc -o conftest -g -O2   conftest.c  >&5
configure:12470: $? = 0
configure:12470: result: yes
configure:12483: checking for strtoul
configure:12483: gcc -o conftest -g -O2   conftest.c  >&5
configure:12483: $? = 0
configure:12483: result: yes
configure:12498: checking for EXIT_SUCCESS and EXIT_FAILURE
configure:12522: result: yes
configure:12533: checking for cos in -lm
configure:12567: result: yes
configure:12580: checking whether feenableexcept is declared
configure:12580: gcc -c -g -O2  conftest.c >&5
configure:12580: $? = 0
configure:12580: result: yes
configure:12593: checking whether fesettrapenable is declared
configure:12593: gcc -c -g -O2  conftest.c >&5
conftest.c: In function 'main':
conftest.c:44:10: error: 'fesettrapenable' undeclared (first use in this function)
   (void) fesettrapenable;
          ^
conftest.c:44:10: note: each undeclared identifier is reported only once for each function it appears in
configure:12593: $? = 1
configure: failed program was:
| /* confdefs.h */
| #define PACKAGE_NAME "gsl"
| #define PACKAGE_TARNAME "gsl"
| #define PACKAGE_VERSION "2.2"
| #define PACKAGE_STRING "gsl 2.2"
| #define PACKAGE_BUGREPORT ""
| #define PACKAGE_URL ""
| #define PACKAGE "gsl"
| #define VERSION "2.2"
| #define RELEASED /**/
| #define STDC_HEADERS 1
| #define HAVE_SYS_TYPES_H 1
| #define HAVE_SYS_STAT_H 1
| #define HAVE_STDLIB_H 1
| #define HAVE_STRING_H 1
| #define HAVE_MEMORY_H 1
| #define HAVE_STRINGS_H 1
| #define HAVE_INTTYPES_H 1
| #define HAVE_STDINT_H 1
| #define HAVE_UNISTD_H 1
| #define HAVE_DLFCN_H 1
| #define LT_OBJDIR ".libs/"
| #define HAVE_INLINE 1
| #define HAVE_VPRINTF 1
| #define HAVE_MEMCPY 1
| #define HAVE_MEMMOVE 1
| #define HAVE_STRDUP 1
| #define HAVE_STRTOL 1
| #define HAVE_STRTOUL 1
| #define HAVE_EXIT_SUCCESS_AND_FAILURE 1
| #define HAVE_LIBM 1
| #define HAVE_DECL_FEENABLEEXCEPT 1
| /* end confdefs.h.  */
| #define _GNU_SOURCE 1
| #include <fenv.h>
| 
| int
| main ()
| {
| #ifndef fesettrapenable
| #ifdef __cplusplus
|   (void) fesettrapenable;
| #else
|   (void) fesettrapenable;
| #endif
| #endif
| 
|   ;
|   return 0;
| }
configure:12593: result: no
configure:12606: checking whether hypot is declared
configure:12606: gcc -c -g -O2  conftest.c >&5
configure:12606: $? = 0
configure:12606: result: yes
configure:12618: checking whether expm1 is declared
configure:12618: gcc -c -g -O2  conftest.c >&5
configure:12618: $? = 0
configure:12618: result: yes
configure:12630: checking whether acosh is declared
configure:12630: gcc -c -g -O2  conftest.c >&5
configure:12630: $? = 0
configure:12630: result: yes
configure:12642: checking whether asinh is declared
configure:12642: gcc -c -g -O2  conftest.c >&5
configure:12642: $? = 0
configure:12642: result: yes
configure:12654: checking whether atanh is declared
configure:12654: gcc -c -g -O2  conftest.c >&5
configure:12654: $? = 0
configure:12654: result: yes
configure:12666: checking whether ldexp is declared
configure:12666: gcc -c -g -O2  conftest.c >&5
configure:12666: $? = 0
configure:12666: result: yes
configure:12678: checking whether frexp is declared
configure:12678: gcc -c -g -O2  conftest.c >&5
configure:12678: $? = 0
configure:12678: result: yes
configure:12690: checking whether fprnd_t is declared
configure:12690: gcc -c -g -O2  conftest.c >&5
conftest.c: In function 'main':
conftest.c:51:10: error: 'fprnd_t' undeclared (first use in this function)
   (void) fprnd_t;
          ^
conftest.c:51:10: note: each undeclared identifier is reported only once for each function it appears in
configure:12690: $? = 1
configure: failed program was:
| /* confdefs.h */
| #define PACKAGE_NAME "gsl"
| #define PACKAGE_TARNAME "gsl"
| #define PACKAGE_VERSION "2.2"
| #define PACKAGE_STRING "gsl 2.2"
| #define PACKAGE_BUGREPORT ""
| #define PACKAGE_URL ""
| #define PACKAGE "gsl"
| #define VERSION "2.2"
| #define RELEASED /**/
| #define STDC_HEADERS 1
| #define HAVE_SYS_TYPES_H 1
| #define HAVE_SYS_STAT_H 1
| #define HAVE_STDLIB_H 1
| #define HAVE_STRING_H 1
| #define HAVE_MEMORY_H 1
| #define HAVE_STRINGS_H 1
| #define HAVE_INTTYPES_H 1
| #define HAVE_STDINT_H 1
| #define HAVE_UNISTD_H 1
| #define HAVE_DLFCN_H 1
| #define LT_OBJDIR ".libs/"
| #define HAVE_INLINE 1
| #define HAVE_VPRINTF 1
| #define HAVE_MEMCPY 1
| #define HAVE_MEMMOVE 1
| #define HAVE_STRDUP 1
| #define HAVE_STRTOL 1
| #define HAVE_STRTOUL 1
| #define HAVE_EXIT_SUCCESS_AND_FAILURE 1
| #define HAVE_LIBM 1
| #define HAVE_DECL_FEENABLEEXCEPT 1
| #define HAVE_DECL_FESETTRAPENABLE 0
| #define HAVE_DECL_HYPOT 1
| #define HAVE_DECL_EXPM1 1
| #define HAVE_DECL_ACOSH 1
| #define HAVE_DECL_ASINH 1
| #define HAVE_DECL_ATANH 1
| #define HAVE_DECL_LDEXP 1
| #define HAVE_DECL_FREXP 1
| /* end confdefs.h.  */
| #include <float.h>
| 
| int
| main ()
| {
| #ifndef fprnd_t
| #ifdef __cplusplus
|   (void) fprnd_t;
| #else
|   (void) fprnd_t;
| #endif
| #endif
| 
|   ;
|   return 0;
| }
configure:12690: result: no
configure:12702: checking whether isinf is declared
configure:12702: gcc -c -g -O2  conftest.c >&5
configure:12702: $? = 0
configure:12702: result: yes
configure:12714: checking whether isfinite is declared
configure:12714: gcc -c -g -O2  conftest.c >&5
configure:12714: $? = 0
configure:12714: result: yes
configure:12726: checking whether finite is declared
configure:12726: gcc -c -g -O2  conftest.c >&5
configure:12726: $? = 0
configure:12726: result: yes
configure:12741: checking whether isnan is declared
configure:12741: gcc -c -g -O2  conftest.c >&5
configure:12741: $? = 0
configure:12741: result: yes
configure:12760: checking whether log1p is declared
configure:12760: gcc -c -g -O2  conftest.c >&5
configure:12760: $? = 0
configure:12760: result: yes
configure:12775: checking for long double stdio
configure:12796: gcc -o conftest -g -O2   conftest.c -lm  >&5
configure:12796: $? = 0
configure:12796: ./conftest
1.234
configure:12796: $? = 0
configure:12806: result: yes
configure:12815: checking for extended floating point registers
configure:12848: result: yes
configure:12857: checking for IEEE arithmetic interface type
configure:12920: result: gnux86
configure:12924: checking for FPU_SETCW
configure:12946: gcc -c -g -O2  conftest.c >&5
configure:12946: $? = 0
configure:12954: result: yes
configure:12959: checking for SSE extensions
configure:13003: gcc -o conftest -g -O2   conftest.c -lm  >&5
configure:13003: $? = 0
configure:13003: ./conftest
configure:13003: $? = 0
configure:13013: result: yes
configure:13050: checking for IEEE compiler flags
configure:13089: result: none
configure:13098: checking for IEEE comparisons
configure:13119: gcc -o conftest -g -O2   conftest.c -lm  >&5
conftest.c: In function 'main':
conftest.c:60:4: warning: incompatible implicit declaration of built-in function 'exit' [enabled by default]
    exit (status);
    ^
configure:13119: $? = 0
configure:13119: ./conftest
configure:13119: $? = 0
configure:13130: result: yes
configure:13139: checking for IEEE denormalized values
configure:13161: gcc -o conftest -g -O2   conftest.c -lm  >&5
conftest.c: In function 'main':
conftest.c:62:4: warning: incompatible implicit declaration of built-in function 'exit' [enabled by default]
    exit (status);
    ^
configure:13161: $? = 0
configure:13161: ./conftest
configure:13161: $? = 0
configure:13172: result: yes
configure:13311: checking that generated files are newer than configure
configure:13317: result: done
configure:13344: creating ./config.status

## ---------------------- ##
## Running config.status. ##
## ---------------------- ##

This file was extended by gsl config.status 2.2, which was
generated by GNU Autoconf 2.69.  Invocation command line was

  CONFIG_FILES    = 
  CONFIG_HEADERS  = 
  CONFIG_LINKS    = 
  CONFIG_COMMANDS = 
  $ ./config.status 

on Goliath

config.status:1203: creating Makefile
config.status:1203: creating gsl_version.h
config.status:1203: creating gsl.spec
config.status:1203: creating blas/Makefile
config.status:1203: creating block/Makefile
config.status:1203: creating bspline/Makefile
config.status:1203: creating cblas/Makefile
config.status:1203: creating cdf/Makefile
config.status:1203: creating cheb/Makefile
config.status:1203: creating combination/Makefile
config.status:1203: creating complex/Makefile
config.status:1203: creating const/Makefile
config.status:1203: creating deriv/Makefile
config.status:1203: creating dht/Makefile
config.status:1203: creating diff/Makefile
config.status:1203: creating doc/Makefile
config.status:1203: creating doc/examples/Makefile
config.status:1203: creating eigen/Makefile
config.status:1203: creating err/Makefile
config.status:1203: creating fit/Makefile
config.status:1203: creating fft/Makefile
config.status:1203: creating gsl/Makefile
config.status:1203: creating histogram/Makefile
config.status:1203: creating ieee-utils/Makefile
config.status:1203: creating integration/Makefile
config.status:1203: creating interpolation/Makefile
config.status:1203: creating linalg/Makefile
config.status:1203: creating matrix/Makefile
config.status:1203: creating min/Makefile
config.status:1203: creating monte/Makefile
config.status:1203: creating multifit/Makefile
config.status:1203: creating multifit_nlinear/Makefile
config.status:1203: creating multilarge/Makefile
config.status:1203: creating multilarge_nlinear/Makefile
config.status:1203: creating multimin/Makefile
config.status:1203: creating multiroots/Makefile
config.status:1203: creating multiset/Makefile
config.status:1203: creating ntuple/Makefile
config.status:1203: creating ode-initval/Makefile
config.status:1203: creating ode-initval2/Makefile
config.status:1203: creating permutation/Makefile
config.status:1203: creating poly/Makefile
config.status:1203: creating qrng/Makefile
config.status:1203: creating randist/Makefile
config.status:1203: creating rng/Makefile
config.status:1203: creating roots/Makefile
config.status:1203: creating rstat/Makefile
config.status:1203: creating siman/Makefile
config.status:1203: creating sort/Makefile
config.status:1203: creating spblas/Makefile
config.status:1203: creating splinalg/Makefile
config.status:1203: creating spmatrix/Makefile
config.status:1203: creating specfunc/Makefile
config.status:1203: creating statistics/Makefile
config.status:1203: creating sum/Makefile
config.status:1203: creating sys/Makefile
config.status:1203: creating test/Makefile
config.status:1203: creating utils/Makefile
config.status:1203: creating vector/Makefile
config.status:1203: creating wavelet/Makefile
config.status:1203: creating config.h
config.status:1384: config.h is unchanged
config.status:1432: executing depfiles commands
config.status:1432: executing libtool commands

## ---------------- ##
## Cache variables. ##
## ---------------- ##

ac_cv_build=x86_64-unknown-linux-gnu
ac_cv_c_char_unsigned=no
ac_cv_c_compiler_gnu=yes
ac_cv_c_extended_fp=yes
ac_cv_c_extern_inline=yes
ac_cv_c_fpu_setcw=yes
ac_cv_c_fpu_sse=yes
ac_cv_c_ieee_comparisons=yes
ac_cv_c_ieee_denormals=yes
ac_cv_c_ieee_flags=none
ac_cv_c_ieee_interface=gnux86
ac_cv_c_inline=inline
ac_cv_c_volatile=yes
ac_cv_decl_exit_success_and_failure=yes
ac_cv_env_CC_set=
ac_cv_env_CC_value=
ac_cv_env_CFLAGS_set=
ac_cv_env_CFLAGS_value=
ac_cv_env_CPPFLAGS_set=
ac_cv_env_CPPFLAGS_value=
ac_cv_env_CPP_set=
ac_cv_env_CPP_value=
ac_cv_env_LDFLAGS_set=
ac_cv_env_LDFLAGS_value=
ac_cv_env_LIBS_set=
ac_cv_env_LIBS_value=
ac_cv_env_build_alias_set=
ac_cv_env_build_alias_value=
ac_cv_env_host_alias_set=
ac_cv_env_host_alias_value=
ac_cv_env_target_alias_set=
ac_cv_env_target_alias_value=
ac_cv_func__doprnt=no
ac_cv_func_memcpy=yes
ac_cv_func_memmove=yes
ac_cv_func_printf_longdouble=yes
ac_cv_func_strdup=yes
ac_cv_func_strtol=yes
ac_cv_func_strtoul=yes
ac_cv_func_vprintf=yes
ac_cv_have_decl_acosh=yes
ac_cv_have_decl_asinh=yes
ac_cv_have_decl_atanh=yes
ac_cv_have_decl_expm1=yes
ac_cv_have_decl_feenableexcept=yes
ac_cv_have_decl_fesettrapenable=no
ac_cv_have_decl_finite=yes
ac_cv_have_decl_fprnd_t=no
ac_cv_have_decl_frexp=yes
ac_cv_have_decl_hypot=yes
ac_cv_have_decl_isfinite=yes
ac_cv_have_decl_isinf=yes
ac_cv_have_decl_isnan=yes
ac_cv_have_decl_ldexp=yes
ac_cv_have_decl_log1p=yes
ac_cv_header_dlfcn_h=yes
ac_cv_header_ieeefp_h=no
ac_cv_header_inttypes_h=yes
ac_cv_header_memory_h=yes
ac_cv_header_stdc=yes
ac_cv_header_stdint_h=yes
ac_cv_header_stdlib_h=yes
ac_cv_header_string_h=yes
ac_cv_header_strings_h=yes
ac_cv_header_sys_stat_h=yes
ac_cv_header_sys_types_h=yes
ac_cv_header_unistd_h=yes
ac_cv_host=x86_64-unknown-linux-gnu
ac_cv_lib_m_cos=yes
ac_cv_objext=o
ac_cv_path_EGREP='/bin/grep -E'
ac_cv_path_FGREP='/bin/grep -F'
ac_cv_path_GREP=/bin/grep
ac_cv_path_SED=/bin/sed
ac_cv_path_install='/usr/bin/install -c'
ac_cv_path_mkdir=/bin/mkdir
ac_cv_prog_AWK=gawk
ac_cv_prog_CPP='gcc -E'
ac_cv_prog_ac_ct_AR=ar
ac_cv_prog_ac_ct_CC=gcc
ac_cv_prog_ac_ct_MANIFEST_TOOL=mt
ac_cv_prog_ac_ct_OBJDUMP=objdump
ac_cv_prog_ac_ct_RANLIB=ranlib
ac_cv_prog_ac_ct_STRIP=strip
ac_cv_prog_cc_c89=
ac_cv_prog_cc_g=yes
ac_cv_prog_make_make_set=yes
ac_cv_type_size_t=yes
am_cv_CC_dependencies_compiler_type=gcc3
am_cv_make_support_nested_variables=yes
am_cv_prog_cc_c_o=yes
lt_cv_ar_at_file=@
lt_cv_archive_cmds_need_lc=no
lt_cv_deplibs_check_method=pass_all
lt_cv_file_magic_cmd='$MAGIC_CMD'
lt_cv_file_magic_test_file=
lt_cv_ld_reload_flag=-r
lt_cv_nm_interface='BSD nm'
lt_cv_objdir=.libs
lt_cv_path_LD=/usr/bin/ld
lt_cv_path_NM='/usr/bin/nm -B'
lt_cv_path_mainfest_tool=no
lt_cv_prog_compiler_c_o=yes
lt_cv_prog_compiler_pic='-fPIC -DPIC'
lt_cv_prog_compiler_pic_works=yes
lt_cv_prog_compiler_rtti_exceptions=no
lt_cv_prog_compiler_static_works=yes
lt_cv_prog_gnu_ld=yes
lt_cv_sharedlib_from_linklib_cmd='printf %s\n'
lt_cv_shlibpath_overrides_runpath=no
lt_cv_sys_global_symbol_pipe='sed -n -e '\''s/^.*[	 ]\([ABCDGIRSTW][ABCDGIRSTW]*\)[	 ][	 ]*\([_A-Za-z][_A-Za-z0-9]*\)$/\1 \2 \2/p'\'' | sed '\''/ __gnu_lto/d'\'''
lt_cv_sys_global_symbol_to_c_name_address='sed -n -e '\''s/^: \([^ ]*\)[ ]*$/  {\"\1\", (void *) 0},/p'\'' -e '\''s/^[ABCDGIRSTW]* \([^ ]*\) \([^ ]*\)$/  {"\2", (void *) \&\2},/p'\'''
lt_cv_sys_global_symbol_to_c_name_address_lib_prefix='sed -n -e '\''s/^: \([^ ]*\)[ ]*$/  {\"\1\", (void *) 0},/p'\'' -e '\''s/^[ABCDGIRSTW]* \([^ ]*\) \(lib[^ ]*\)$/  {"\2", (void *) \&\2},/p'\'' -e '\''s/^[ABCDGIRSTW]* \([^ ]*\) \([^ ]*\)$/  {"lib\2", (void *) \&\2},/p'\'''
lt_cv_sys_global_symbol_to_cdecl='sed -n -e '\''s/^T .* \(.*\)$/extern int \1();/p'\'' -e '\''s/^[ABCDGIRSTW]* .* \(.*\)$/extern char \1;/p'\'''
lt_cv_sys_max_cmd_len=1572864
lt_cv_to_host_file_cmd=func_convert_file_noop
lt_cv_to_tool_file_cmd=func_convert_file_noop

## ----------------- ##
## Output variables. ##
## ----------------- ##

ACLOCAL='${SHELL} /home/david/Python/ProjectA/gsl-2.2/missing aclocal-1.14'
AMDEPBACKSLASH='\'
AMDEP_FALSE='#'
AMDEP_TRUE=''
AMTAR='$${TAR-tar}'
AM_BACKSLASH='\'
AM_DEFAULT_V='$(AM_DEFAULT_VERBOSITY)'
AM_DEFAULT_VERBOSITY='1'
AM_V='$(V)'
AR='ar'
AS='as'
AUTOCONF='${SHELL} /home/david/Python/ProjectA/gsl-2.2/missing autoconf'
AUTOHEADER='${SHELL} /home/david/Python/ProjectA/gsl-2.2/missing autoheader'
AUTOMAKE='${SHELL} /home/david/Python/ProjectA/gsl-2.2/missing automake-1.14'
AWK='gawk'
CC='gcc'
CCDEPMODE='depmode=gcc3'
CFLAGS='-g -O2'
CPP='gcc -E'
CPPFLAGS=''
CYGPATH_W='echo'
DEFS='-DHAVE_CONFIG_H'
DEPDIR='.deps'
DLLTOOL='false'
DSYMUTIL=''
DUMPBIN=''
ECHO_C=''
ECHO_N='-n'
ECHO_T=''
EGREP='/bin/grep -E'
EXEEXT=''
FGREP='/bin/grep -F'
GREP='/bin/grep'
GSLCBLAS_LDFLAGS=''
GSL_CFLAGS='-I${prefix}/include'
GSL_LDFLAGS=''
GSL_LIBADD=''
GSL_LIBM='-lm'
GSL_LIBS='-L${exec_prefix}/lib -lgsl'
GSL_LT_CBLAS_VERSION='0:0:0'
GSL_LT_VERSION='20:0:1'
GSL_MAJOR_VERSION='2'
GSL_MINOR_VERSION='2'
HAVE_AIX_IEEE_INTERFACE=''
HAVE_DARWIN86_IEEE_INTERFACE=''
HAVE_DARWIN_IEEE_INTERFACE=''
HAVE_FREEBSD_IEEE_INTERFACE=''
HAVE_GNUM68K_IEEE_INTERFACE=''
HAVE_GNUPPC_IEEE_INTERFACE=''
HAVE_GNUSPARC_IEEE_INTERFACE=''
HAVE_GNUX86_IEEE_INTERFACE=''
HAVE_HPUX11_IEEE_INTERFACE=''
HAVE_HPUX_IEEE_INTERFACE=''
HAVE_IRIX_IEEE_INTERFACE=''
HAVE_NETBSD_IEEE_INTERFACE=''
HAVE_OPENBSD_IEEE_INTERFACE=''
HAVE_OS2EMX_IEEE_INTERFACE=''
HAVE_SOLARIS_IEEE_INTERFACE=''
HAVE_SUNOS4_IEEE_INTERFACE=''
HAVE_TRU64_IEEE_INTERFACE=''
INSTALL_DATA='${INSTALL} -m 644'
INSTALL_PROGRAM='${INSTALL}'
INSTALL_SCRIPT='${INSTALL}'
INSTALL_STRIP_PROGRAM='$(install_sh) -c -s'
LD='/usr/bin/ld -m elf_x86_64'
LDFLAGS=''
LIBM='-lm'
LIBOBJS=''
LIBS='-lm '
LIBTOOL='$(SHELL) $(top_builddir)/libtool'
LIPO=''
LN_S='ln -s'
LTLIBOBJS=''
MAINT='#'
MAINTAINER_MODE_FALSE=''
MAINTAINER_MODE_TRUE='#'
MAKEINFO='${SHELL} /home/david/Python/ProjectA/gsl-2.2/missing makeinfo'
MANIFEST_TOOL=':'
MKDIR_P='/bin/mkdir -p'
NM='/usr/bin/nm -B'
NMEDIT=''
OBJDUMP='objdump'
OBJEXT='o'
OTOOL64=''
OTOOL=''
PACKAGE='gsl'
PACKAGE_BUGREPORT=''
PACKAGE_NAME='gsl'
PACKAGE_STRING='gsl 2.2'
PACKAGE_TARNAME='gsl'
PACKAGE_URL=''
PACKAGE_VERSION='2.2'
PATH_SEPARATOR=':'
RANLIB='ranlib'
SED='/bin/sed'
SET_MAKE=''
SHELL='/bin/bash'
STRIP='strip'
VERSION='2.2'
ac_ct_AR='ar'
ac_ct_CC='gcc'
ac_ct_DUMPBIN=''
am__EXEEXT_FALSE=''
am__EXEEXT_TRUE='#'
am__fastdepCC_FALSE='#'
am__fastdepCC_TRUE=''
am__include='include'
am__isrc=''
am__leading_dot='.'
am__nodep='_no'
am__quote=''
am__tar='$${TAR-tar} chof - "$$tardir"'
am__untar='$${TAR-tar} xf -'
bindir='${exec_prefix}/bin'
build='x86_64-unknown-linux-gnu'
build_alias=''
build_cpu='x86_64'
build_os='linux-gnu'
build_vendor='unknown'
datadir='${datarootdir}'
datarootdir='${prefix}/share'
docdir='${datarootdir}/doc/${PACKAGE_TARNAME}'
dvidir='${docdir}'
exec_prefix='${prefix}'
host='x86_64-unknown-linux-gnu'
host_alias=''
host_cpu='x86_64'
host_os='linux-gnu'
host_vendor='unknown'
htmldir='${docdir}'
includedir='${prefix}/include'
infodir='${datarootdir}/info'
install_sh='${SHELL} /home/david/Python/ProjectA/gsl-2.2/install-sh'
libdir='${exec_prefix}/lib'
libexecdir='${exec_prefix}/libexec'
localedir='${datarootdir}/locale'
localstatedir='${prefix}/var'
mandir='${datarootdir}/man'
mkdir_p='$(MKDIR_P)'
oldincludedir='/usr/include'
pdfdir='${docdir}'
prefix='/usr/local'
program_transform_name='s,x,x,'
psdir='${docdir}'
sbindir='${exec_prefix}/sbin'
sharedstatedir='${prefix}/com'
sysconfdir='${prefix}/etc'
target_alias=''

## ----------- ##
## confdefs.h. ##
## ----------- ##

/* confdefs.h */
#define PACKAGE_NAME "gsl"
#define PACKAGE_TARNAME "gsl"
#define PACKAGE_VERSION "2.2"
#define PACKAGE_STRING "gsl 2.2"
#define PACKAGE_BUGREPORT ""
#define PACKAGE_URL ""
#define PACKAGE "gsl"
#define VERSION "2.2"
#define RELEASED /**/
#define STDC_HEADERS 1
#define HAVE_SYS_TYPES_H 1
#define HAVE_SYS_STAT_H 1
#define HAVE_STDLIB_H 1
#define HAVE_STRING_H 1
#define HAVE_MEMORY_H 1
#define HAVE_STRINGS_H 1
#define HAVE_INTTYPES_H 1
#define HAVE_STDINT_H 1
#define HAVE_UNISTD_H 1
#define HAVE_DLFCN_H 1
#define LT_OBJDIR ".libs/"
#define HAVE_INLINE 1
#define HAVE_VPRINTF 1
#define HAVE_MEMCPY 1
#define HAVE_MEMMOVE 1
#define HAVE_STRDUP 1
#define HAVE_STRTOL 1
#define HAVE_STRTOUL 1
#define HAVE_EXIT_SUCCESS_AND_FAILURE 1
#define HAVE_LIBM 1
#define HAVE_DECL_FEENABLEEXCEPT 1
#define HAVE_DECL_FESETTRAPENABLE 0
#define HAVE_DECL_HYPOT 1
#define HAVE_DECL_EXPM1 1
#define HAVE_DECL_ACOSH 1
#define HAVE_DECL_ASINH 1
#define HAVE_DECL_ATANH 1
#define HAVE_DECL_LDEXP 1
#define HAVE_DECL_FREXP 1
#define HAVE_DECL_FPRND_T 0
#define HAVE_DECL_ISINF 1
#define HAVE_DECL_ISFINITE 1
#define HAVE_DECL_FINITE 1
#define HAVE_DECL_ISNAN 1
#define HAVE_DECL_LOG1P 1
#define HAVE_PRINTF_LONGDOUBLE 1
#define HAVE_EXTENDED_PRECISION_REGISTERS 1
#define HAVE_FPU_X86_SSE 1
#define HAVE_GNUX86_IEEE_INTERFACE 1
#define HAVE_IEEE_COMPARISONS 1
#define HAVE_IEEE_DENORMALS 1

configure: exit 0
